2023-05-11 15:14:18,796 - [INFO] - json_server.py[9]: ~~~~~日志开启成功~~~~~
2023-05-11 15:14:18,797 - [INFO] - json_server.py[13]: 获取到了需要处理的文件的名字['/Users/xiechen/Desktop/郑州303/day02/代码/01_josn数据/x01', '/Users/xiechen/Desktop/郑州303/day02/代码/01_josn数据/x00', '/Users/xiechen/Desktop/郑州303/day02/代码/01_josn数据/x02']
2023-05-11 15:14:18,861 - [INFO] - mysql_util.py[29]: 创建链接127.0.0.1:3306//root, 成功!!!
2023-05-11 15:14:18,862 - [INFO] - mysql_util.py[49]: 切换了数据库zhengzhou
2023-05-11 15:14:18,863 - [INFO] - mysql_util.py[49]: 切换了数据库zhengzhou
2023-05-11 15:14:18,866 - [WARNING] - mysql_util.py[142]: 在zhengzhou已经存在了数据表student,故没有进行数据表的创建
2023-05-11 15:14:38,004 - [INFO] - json_server.py[9]: ~~~~~日志开启成功~~~~~
2023-05-11 15:14:38,006 - [INFO] - json_server.py[13]: 获取到了需要处理的文件的名字['/Users/xiechen/Desktop/郑州303/day02/代码/01_josn数据/x01', '/Users/xiechen/Desktop/郑州303/day02/代码/01_josn数据/x00', '/Users/xiechen/Desktop/郑州303/day02/代码/01_josn数据/x02']
2023-05-11 15:14:38,078 - [INFO] - mysql_util.py[29]: 创建链接127.0.0.1:3306//root, 成功!!!
2023-05-11 15:14:38,078 - [INFO] - mysql_util.py[49]: 切换了数据库zhengzhou
2023-05-11 15:14:38,078 - [INFO] - mysql_util.py[49]: 切换了数据库zhengzhou
2023-05-11 15:14:38,080 - [WARNING] - mysql_util.py[142]: 在zhengzhou已经存在了数据表student,故没有进行数据表的创建
2023-05-11 15:14:38,082 - [INFO] - mysql_util.py[90]: 执行了execute方法 sql为insert into student values(1,'老王');
2023-05-11 15:14:38,083 - [INFO] - mysql_util.py[39]: ~~关闭了链接~~
2023-05-11 15:40:17,021 - [INFO] - json_server.py[9]: ~~~~~日志开启成功~~~~~
2023-05-11 15:40:17,022 - [INFO] - json_server.py[13]: 获取到了需要处理的文件的名字['/Users/xiechen/Desktop/郑州303/day02/代码/01_josn数据/x01', '/Users/xiechen/Desktop/郑州303/day02/代码/01_josn数据/x00', '/Users/xiechen/Desktop/郑州303/day02/代码/01_josn数据/x02']
2023-05-11 15:40:17,114 - [INFO] - mysql_util.py[29]: 创建链接127.0.0.1:3306//root, 成功!!!
2023-05-11 15:40:17,115 - [INFO] - mysql_util.py[49]: 切换了数据库metadata
2023-05-11 15:40:17,117 - [WARNING] - mysql_util.py[142]: 在metadata已经存在了数据表file_check,故没有进行数据表的创建
2023-05-11 15:52:14,969 - [INFO] - json_server.py[9]: ~~~~~日志开启成功~~~~~
2023-05-11 15:52:14,969 - [INFO] - json_server.py[13]: 获取到了需要处理的文件的名字['/Users/xiechen/Desktop/郑州303/day02/代码/01_josn数据/x01', '/Users/xiechen/Desktop/郑州303/day02/代码/01_josn数据/x00', '/Users/xiechen/Desktop/郑州303/day02/代码/01_josn数据/x02']
2023-05-11 15:52:15,065 - [INFO] - mysql_util.py[29]: 创建链接127.0.0.1:3306//root, 成功!!!
2023-05-11 15:52:15,066 - [INFO] - mysql_util.py[49]: 切换了数据库metadata
2023-05-11 15:52:15,069 - [WARNING] - mysql_util.py[142]: 在metadata已经存在了数据表file_check,故没有进行数据表的创建
